<?xml version="1.0" encoding="UTF-8"?>
<!-- Generated by org.testng.reporters.JUnitXMLReporter -->
<testsuite hostname="LAPTOP-RHE2696S" name="Test" tests="2" failures="1" timestamp="20 May 2025 10:23:32 GMT" time="25.876" errors="0">
  <testcase name="VerifyLogin" time="6.435" classname="com.TestCases.TC_MyAccountPageTestDataDriven"/>
  <testcase name="VerifyLogin" time="3.282" classname="com.TestCases.TC_MyAccountPageTestDataDriven">
    <failure type="junit.framework.AssertionFailedError" message="Expected: vijay jain1 | Actual: Vijay jain">
      <![CDATA[junit.framework.AssertionFailedError: Expected: vijay jain1 | Actual: Vijay jain
	at junit.framework.Assert.fail(Assert.java:47)
	at com.TestCases.TC_MyAccountPageTestDataDriven.VerifyLogin(TC_MyAccountPageTestDataDriven.java:54)
... Removed 24 stack frames]]>
    </failure>
  </testcase> <!-- VerifyLogin -->
</testsuite> <!-- Test -->
