<?xml version="1.0" encoding="UTF-8"?>
<testng-results skipped="0" failed="1" total="2" passed="1">
  <reporter-output>
  </reporter-output>
  <suite name="Suite" duration-ms="25876" started-at="2025-05-20T15:53:06Z" finished-at="2025-05-20T15:53:32Z">
    <groups>
    </groups>
    <test name="Test" duration-ms="25876" started-at="2025-05-20T15:53:06Z" finished-at="2025-05-20T15:53:32Z">
      <class name="com.TestCases.TC_MyAccountPageTestDataDriven">
        <test-method status="PASS" signature="setUp()[pri:0, instance:com.TestCases.TC_MyAccountPageTestDataDriven@7ca48474]" name="setUp" is-config="true" duration-ms="12951" started-at="2025-05-20T15:53:07Z" finished-at="2025-05-20T15:53:20Z">
        </test-method> <!-- setUp -->
        <test-method status="PASS" signature="VerifyLogin(java.lang.String, java.lang.String, java.lang.String)[pri:0, instance:com.TestCases.TC_MyAccountPageTestDataDriven@7ca48474]" name="VerifyLogin" duration-ms="6435" started-at="2025-05-20T15:53:23Z" data-provider="LoginDataProvider" finished-at="2025-05-20T15:53:29Z">
          <params>
            <param index="0">
              <value>
                <![CDATA[qweg981@gmail.com]]>
              </value>
            </param>
            <param index="1">
              <value>
                <![CDATA[vj123]]>
              </value>
            </param>
            <param index="2">
              <value>
                <![CDATA[vijay jain]]>
              </value>
            </param>
          </params>
        </test-method> <!-- VerifyLogin -->
        <test-method status="FAIL" signature="VerifyLogin(java.lang.String, java.lang.String, java.lang.String)[pri:0, instance:com.TestCases.TC_MyAccountPageTestDataDriven@7ca48474]" name="VerifyLogin" duration-ms="3282" started-at="2025-05-20T15:53:29Z" data-provider="LoginDataProvider" finished-at="2025-05-20T15:53:32Z">
          <params>
            <param index="0">
              <value>
                <![CDATA[qweg981@gmail.com]]>
              </value>
            </param>
            <param index="1">
              <value>
                <![CDATA[vj123]]>
              </value>
            </param>
            <param index="2">
              <value>
                <![CDATA[vijay jain1]]>
              </value>
            </param>
          </params>
          <exception class="junit.framework.AssertionFailedError">
            <message>
              <![CDATA[Expected: vijay jain1 | Actual: Vijay jain]]>
            </message>
            <full-stacktrace>
              <![CDATA[junit.framework.AssertionFailedError: Expected: vijay jain1 | Actual: Vijay jain
	at junit.framework.Assert.fail(Assert.java:47)
	at com.TestCases.TC_MyAccountPageTestDataDriven.VerifyLogin(TC_MyAccountPageTestDataDriven.java:54)
	at sun.reflect.NativeMethodAccessorImpl.invoke0(Native Method)
	at sun.reflect.NativeMethodAccessorImpl.invoke(NativeMethodAccessorImpl.java:62)
	at sun.reflect.DelegatingMethodAccessorImpl.invoke(DelegatingMethodAccessorImpl.java:43)
	at java.lang.reflect.Method.invoke(Method.java:498)
	at org.testng.internal.MethodInvocationHelper.invokeMethod(MethodInvocationHelper.java:80)
	at org.testng.internal.Invoker.invokeMethod(Invoker.java:702)
	at org.testng.internal.Invoker.invokeTestMethod(Invoker.java:894)
	at org.testng.internal.Invoker.invokeTestMethods(Invoker.java:1219)
	at org.testng.internal.TestMethodWorker.invokeTestMethods(TestMethodWorker.java:127)
	at org.testng.internal.TestMethodWorker.run(TestMethodWorker.java:111)
	at org.testng.TestRunner.privateRun(TestRunner.java:768)
	at org.testng.TestRunner.run(TestRunner.java:617)
	at org.testng.SuiteRunner.runTest(SuiteRunner.java:334)
	at org.testng.SuiteRunner.runSequentially(SuiteRunner.java:329)
	at org.testng.SuiteRunner.privateRun(SuiteRunner.java:291)
	at org.testng.SuiteRunner.run(SuiteRunner.java:240)
	at org.testng.SuiteRunnerWorker.runSuite(SuiteRunnerWorker.java:53)
	at org.testng.SuiteRunnerWorker.run(SuiteRunnerWorker.java:87)
	at org.testng.TestNG.runSuitesSequentially(TestNG.java:1188)
	at org.testng.TestNG.runSuitesLocally(TestNG.java:1113)
	at org.testng.TestNG.run(TestNG.java:1025)
	at org.testng.remote.RemoteTestNG.run(RemoteTestNG.java:115)
	at org.testng.remote.RemoteTestNG.initAndRun(RemoteTestNG.java:207)
	at org.testng.remote.RemoteTestNG.main(RemoteTestNG.java:178)
]]>
            </full-stacktrace>
          </exception> <!-- junit.framework.AssertionFailedError -->
        </test-method> <!-- VerifyLogin -->
      </class> <!-- com.TestCases.TC_MyAccountPageTestDataDriven -->
    </test> <!-- Test -->
  </suite> <!-- Suite -->
</testng-results>
